<?xml version="1.0" encoding="UTF-8"?>
<!-- Generated by org.testng.reporters.JUnitXMLReporter -->
<testsuite hostname="KI-DW-Anand" name="Default test" tests="3" failures="0" timestamp="7 Aug 2019 12:43:35 GMT" time="291.927" errors="0">
  <testcase name="verifybookslink" time="0.863" classname="com.kambaa.govt_environment.PagesTest.PublicationPageTest"/>
  <testcase name="verifyposterlink" time="0.005" classname="com.kambaa.govt_environment.PagesTest.PublicationPageTest"/>
  <testcase name="verifyreportslink" time="0.005" classname="com.kambaa.govt_environment.PagesTest.PublicationPageTest"/>
</testsuite> <!-- Default test -->
