<?xml version="1.0" encoding="UTF-8"?>
<!-- Generated by org.testng.reporters.JUnitXMLReporter -->
<testsuite hostname="KI-DW-Anand" name="Default test" tests="5" failures="0" timestamp="6 Aug 2019 08:11:51 GMT" time="508.872" errors="0">
  <testcase name="verifyGCFlink" time="25.465" classname="com.kambaa.govt_environment.PagesTest.Climate_CahngePagesTest"/>
  <testcase name="verifyNAFCClink" time="30.943" classname="com.kambaa.govt_environment.PagesTest.Climate_CahngePagesTest"/>
  <testcase name="verifyNMSKCClink" time="26.169" classname="com.kambaa.govt_environment.PagesTest.Climate_CahngePagesTest"/>
  <testcase name="verifyTNSAPCClink" time="38.034" classname="com.kambaa.govt_environment.PagesTest.Climate_CahngePagesTest"/>
  <testcase name="verifyclimatechangecelllink" time="34.396" classname="com.kambaa.govt_environment.PagesTest.Climate_CahngePagesTest"/>
</testsuite> <!-- Default test -->
