<?xml version="1.0" encoding="UTF-8"?>
<!-- Generated by org.testng.reporters.JUnitXMLReporter -->
<testsuite hostname="KI-DW-Anand" name="ABOUTUSTEST" tests="2" failures="0" timestamp="5 Aug 2019 09:15:02 GMT" time="197.763" errors="0">
  <testcase name="verifyDOElink" time="34.524" classname="com.kambaa.govt_environment.PagesTest.AboutuslinkpageTest"/>
  <testcase name="verifylimk2" time="32.21" classname="com.kambaa.govt_environment.PagesTest.AboutuslinkpageTest"/>
</testsuite> <!-- ABOUTUSTEST -->
