<?xml version="1.0" encoding="UTF-8"?>
<!-- Generated by org.testng.reporters.JUnitXMLReporter -->
<testsuite hostname="KI-DW-Anand" name="ABOUTUSPAGETEST" tests="2" failures="0" timestamp="5 Aug 2019 11:37:46 GMT" time="205.261" errors="0">
  <testcase name="verifyDOElink" time="36.131" classname="com.kambaa.govt_environment.PagesTest.AboutuslinkpageTest"/>
  <testcase name="verifylimk2" time="35.236" classname="com.kambaa.govt_environment.PagesTest.AboutuslinkpageTest"/>
</testsuite> <!-- ABOUTUSPAGETEST -->
