<?xml version="1.0" encoding="UTF-8"?>
<!-- Generated by org.testng.reporters.JUnitXMLReporter -->
<testsuite hostname="KI-DW-Anand" name="ABOUTUSPAGETEST" tests="2" failures="0" timestamp="6 Aug 2019 11:09:31 GMT" time="184.381" errors="0">
  <testcase name="verifyDOElink" time="36.869" classname="com.kambaa.govt_environment.PagesTest.AboutuslinkpageTest"/>
  <testcase name="verifylimk2" time="27.44" classname="com.kambaa.govt_environment.PagesTest.AboutuslinkpageTest"/>
</testsuite> <!-- ABOUTUSPAGETEST -->
