<?xml version="1.0" encoding="UTF-8"?>
<!-- Generated by org.testng.reporters.JUnitXMLReporter -->
<testsuite hostname="KI-DW-Anand" name="CLIMATECHAGEPAGETEST" tests="5" failures="0" timestamp="7 Aug 2019 13:14:19 GMT" time="492.652" errors="0">
  <testcase name="verifyGCFlink" time="34.181" classname="com.kambaa.govt_environment.PagesTest.Climate_ChangePagesTest"/>
  <testcase name="verifyNAFCClink" time="35.283" classname="com.kambaa.govt_environment.PagesTest.Climate_ChangePagesTest"/>
  <testcase name="verifyNMSKCClink" time="29.66" classname="com.kambaa.govt_environment.PagesTest.Climate_ChangePagesTest"/>
  <testcase name="verifyTNSAPCClink" time="34.263" classname="com.kambaa.govt_environment.PagesTest.Climate_ChangePagesTest"/>
  <testcase name="verifyclimatechangecelllink" time="34.735" classname="com.kambaa.govt_environment.PagesTest.Climate_ChangePagesTest"/>
</testsuite> <!-- CLIMATECHAGEPAGETEST -->
