<?xml version="1.0" encoding="UTF-8"?>
<!-- Generated by org.testng.reporters.JUnitXMLReporter -->
<testsuite hostname="KI-DW-Anand" name="CLIMATECHAGEPAGETEST" tests="5" failures="0" timestamp="6 Aug 2019 12:41:10 GMT" time="528.502" errors="0">
  <testcase name="verifyGCFlink" time="30.596" classname="com.kambaa.govt_environment.PagesTest.Climate_ChangePagesTest"/>
  <testcase name="verifyNAFCClink" time="32.324" classname="com.kambaa.govt_environment.PagesTest.Climate_ChangePagesTest"/>
  <testcase name="verifyNMSKCClink" time="37.036" classname="com.kambaa.govt_environment.PagesTest.Climate_ChangePagesTest"/>
  <testcase name="verifyTNSAPCClink" time="32.264" classname="com.kambaa.govt_environment.PagesTest.Climate_ChangePagesTest"/>
  <testcase name="verifyclimatechangecelllink" time="32.363" classname="com.kambaa.govt_environment.PagesTest.Climate_ChangePagesTest"/>
</testsuite> <!-- CLIMATECHAGEPAGETEST -->
