<?xml version="1.0" encoding="UTF-8"?>
<!-- Generated by org.testng.reporters.JUnitXMLReporter -->
<testsuite hostname="KI-DW-Anand" name="CZMPAGETEST" tests="5" failures="0" timestamp="7 Aug 2019 12:59:36 GMT" time="423.777" errors="0">
  <testcase name="verifyBLUEFLAGBEACHPROGRAMMElink" time="0.464" classname="com.kambaa.govt_environment.PagesTest.CZMPageTest"/>
  <testcase name="verifyCDRRPlink" time="0.308" classname="com.kambaa.govt_environment.PagesTest.CZMPageTest"/>
  <testcase name="verifyCZMlink" time="31.095" classname="com.kambaa.govt_environment.PagesTest.CZMPageTest"/>
  <testcase name="verifyGISlink" time="33.122" classname="com.kambaa.govt_environment.PagesTest.CZMPageTest"/>
  <testcase name="verifyICZMPlink" time="33.633" classname="com.kambaa.govt_environment.PagesTest.CZMPageTest"/>
</testsuite> <!-- CZMPAGETEST -->
