<?xml version="1.0" encoding="UTF-8"?>
<!-- Generated by org.testng.reporters.JUnitXMLReporter -->
<testsuite hostname="KI-DW-Anand" name="EMATPAGETEST" tests="4" failures="0" timestamp="7 Aug 2019 13:06:06 GMT" time="390.015" errors="0">
  <testcase name="verifyECORESTORATIONlink" time="31.142" classname="com.kambaa.govt_environment.PagesTest.EMATPageTest"/>
  <testcase name="verifyEMATlink1" time="32.981" classname="com.kambaa.govt_environment.PagesTest.EMATPageTest"/>
  <testcase name="verifyEPREDlink" time="33.726" classname="com.kambaa.govt_environment.PagesTest.EMATPageTest"/>
  <testcase name="verifyNLCPANDNRCPlink" time="31.046" classname="com.kambaa.govt_environment.PagesTest.EMATPageTest"/>
</testsuite> <!-- EMATPAGETEST -->
