<?xml version="1.0" encoding="UTF-8"?>
<!-- Generated by org.testng.reporters.JUnitXMLReporter -->
<testsuite hostname="KI-DW-Anand" name="EMATPAGETEST" tests="4" failures="0" timestamp="6 Aug 2019 12:32:21 GMT" time="424.347" errors="0">
  <testcase name="verifyECORESTORATIONlink" time="30.482" classname="com.kambaa.govt_environment.PagesTest.EMATPageTest"/>
  <testcase name="verifyEMATlink1" time="31.731" classname="com.kambaa.govt_environment.PagesTest.EMATPageTest"/>
  <testcase name="verifyEPREDlink" time="30.498" classname="com.kambaa.govt_environment.PagesTest.EMATPageTest"/>
  <testcase name="verifyNLCPANDNRCPlink" time="29.743" classname="com.kambaa.govt_environment.PagesTest.EMATPageTest"/>
</testsuite> <!-- EMATPAGETEST -->
