<?xml version="1.0" encoding="UTF-8"?>
<!-- Generated by org.testng.reporters.JUnitXMLReporter -->
<testsuite hostname="KI-DW-Anand" name="ENVISPAGETEST" tests="4" failures="0" timestamp="7 Aug 2019 05:04:38 GMT" time="439.148" errors="0">
  <testcase name="verifyAbout_ENVISlink" time="33.265" classname="com.kambaa.govt_environment.PagesTest.ENVISPagesTest"/>
  <testcase name="verifyGRIDlink" time="34.167" classname="com.kambaa.govt_environment.PagesTest.ENVISPagesTest"/>
  <testcase name="verifyGSDPlink" time="35.869" classname="com.kambaa.govt_environment.PagesTest.ENVISPagesTest"/>
  <testcase name="verifySOERlink" time="34.339" classname="com.kambaa.govt_environment.PagesTest.ENVISPagesTest"/>
</testsuite> <!-- ENVISPAGETEST -->
