<?xml version="1.0" encoding="UTF-8"?>
<!-- Generated by org.testng.reporters.JUnitXMLReporter -->
<testsuite hostname="KI-DW-Anand" name="ENVISPAGETEST" tests="4" failures="0" timestamp="7 Aug 2019 13:24:08 GMT" time="395.131" errors="0">
  <testcase name="verifyAbout_ENVISlink" time="33.844" classname="com.kambaa.govt_environment.PagesTest.ENVISPagesTest"/>
  <testcase name="verifyGRIDlink" time="33.534" classname="com.kambaa.govt_environment.PagesTest.ENVISPagesTest"/>
  <testcase name="verifyGSDPlink" time="36.264" classname="com.kambaa.govt_environment.PagesTest.ENVISPagesTest"/>
  <testcase name="verifySOERlink" time="32.952" classname="com.kambaa.govt_environment.PagesTest.ENVISPagesTest"/>
</testsuite> <!-- ENVISPAGETEST -->
