<?xml version="1.0" encoding="UTF-8"?>
<!-- Generated by org.testng.reporters.JUnitXMLReporter -->
<testsuite hostname="KI-DW-Anand" name="HOMEPAGETEST" tests="3" failures="0" timestamp="6 Aug 2019 12:12:27 GMT" time="313.906" errors="0">
  <testcase name="homelinkclicktest" time="57.942" classname="com.kambaa.govt_environment.PagesTest.HomepageTest"/>
  <testcase name="verifylogo" time="0.294" classname="com.kambaa.govt_environment.PagesTest.HomepageTest"/>
  <testcase name="verifytitle" time="0.226" classname="com.kambaa.govt_environment.PagesTest.HomepageTest"/>
</testsuite> <!-- HOMEPAGETEST -->
