<?xml version="1.0" encoding="UTF-8"?>
<!-- Generated by org.testng.reporters.JUnitXMLReporter -->
<testsuite hostname="KI-DW-Anand" name="HOMEPAGETEST" tests="3" failures="0" timestamp="6 Aug 2019 11:06:26 GMT" time="348.62" errors="0">
  <testcase name="homelinkclicktest" time="60.784" classname="com.kambaa.govt_environment.PagesTest.HomepageTest"/>
  <testcase name="verifylogo" time="0.267" classname="com.kambaa.govt_environment.PagesTest.HomepageTest"/>
  <testcase name="verifytitle" time="0.018" classname="com.kambaa.govt_environment.PagesTest.HomepageTest"/>
</testsuite> <!-- HOMEPAGETEST -->
