<?xml version="1.0" encoding="UTF-8"?>
<!-- Generated by org.testng.reporters.JUnitXMLReporter -->
<testsuite hostname="KI-DW-Anand" name="NGCPAGETEST" tests="2" failures="0" timestamp="7 Aug 2019 13:17:33 GMT" time="193.509" errors="0">
  <testcase name="verifyNGC_Sublink" time="34.459" classname="com.kambaa.govt_environment.PagesTest.NGCPageTest"/>
  <testcase name="verifyeco_clubslink" time="37.021" classname="com.kambaa.govt_environment.PagesTest.NGCPageTest"/>
</testsuite> <!-- NGCPAGETEST -->
