<?xml version="1.0" encoding="UTF-8"?>
<!-- Generated by org.testng.reporters.JUnitXMLReporter -->
<testsuite hostname="KI-DW-Anand" name="NGCPAGETEST" tests="2" failures="0" timestamp="6 Aug 2019 12:44:33 GMT" time="203.242" errors="0">
  <testcase name="verifyNGC_Sublink" time="33.9" classname="com.kambaa.govt_environment.PagesTest.NGCPageTest"/>
  <testcase name="verifyeco_clubslink" time="31.849" classname="com.kambaa.govt_environment.PagesTest.NGCPageTest"/>
</testsuite> <!-- NGCPAGETEST -->
