<?xml version="1.0" encoding="UTF-8"?>
<testng-results skipped="0" failed="0" total="3" passed="3">
  <reporter-output>
  </reporter-output>
  <suite name="Default suite" duration-ms="291927" started-at="2019-08-07T12:38:43Z" finished-at="2019-08-07T12:43:35Z">
    <groups>
    </groups>
    <test name="Default test" duration-ms="291927" started-at="2019-08-07T12:38:43Z" finished-at="2019-08-07T12:43:35Z">
      <class name="com.kambaa.govt_environment.PagesTest.PublicationPageTest">
        <test-method status="PASS" signature="setup()[pri:0, instance:com.kambaa.govt_environment.PagesTest.PublicationPageTest@6ea6d14e]" name="setup" is-config="true" duration-ms="132739" started-at="2019-08-07T18:08:43Z" finished-at="2019-08-07T18:10:56Z">
          <reporter-output>
          </reporter-output>
        </test-method> <!-- setup -->
        <test-method status="PASS" signature="verifybookslink()[pri:0, instance:com.kambaa.govt_environment.PagesTest.PublicationPageTest@6ea6d14e]" name="verifybookslink" duration-ms="863" started-at="2019-08-07T18:10:56Z" finished-at="2019-08-07T18:10:57Z">
          <reporter-output>
          </reporter-output>
        </test-method> <!-- verifybookslink -->
        <test-method status="PASS" signature="teardown()[pri:0, instance:com.kambaa.govt_environment.PagesTest.PublicationPageTest@6ea6d14e]" name="teardown" is-config="true" duration-ms="3152" started-at="2019-08-07T18:10:57Z" finished-at="2019-08-07T18:11:00Z">
          <reporter-output>
          </reporter-output>
        </test-method> <!-- teardown -->
        <test-method status="PASS" signature="setup()[pri:0, instance:com.kambaa.govt_environment.PagesTest.PublicationPageTest@6ea6d14e]" name="setup" is-config="true" duration-ms="78327" started-at="2019-08-07T18:11:00Z" finished-at="2019-08-07T18:12:18Z">
          <reporter-output>
          </reporter-output>
        </test-method> <!-- setup -->
        <test-method status="PASS" signature="verifyposterlink()[pri:0, instance:com.kambaa.govt_environment.PagesTest.PublicationPageTest@6ea6d14e]" name="verifyposterlink" duration-ms="5" started-at="2019-08-07T18:12:18Z" finished-at="2019-08-07T18:12:18Z">
          <reporter-output>
          </reporter-output>
        </test-method> <!-- verifyposterlink -->
        <test-method status="PASS" signature="teardown()[pri:0, instance:com.kambaa.govt_environment.PagesTest.PublicationPageTest@6ea6d14e]" name="teardown" is-config="true" duration-ms="826" started-at="2019-08-07T18:12:18Z" finished-at="2019-08-07T18:12:19Z">
          <reporter-output>
          </reporter-output>
        </test-method> <!-- teardown -->
        <test-method status="PASS" signature="setup()[pri:0, instance:com.kambaa.govt_environment.PagesTest.PublicationPageTest@6ea6d14e]" name="setup" is-config="true" duration-ms="73858" started-at="2019-08-07T18:12:19Z" finished-at="2019-08-07T18:13:33Z">
          <reporter-output>
          </reporter-output>
        </test-method> <!-- setup -->
        <test-method status="PASS" signature="verifyreportslink()[pri:0, instance:com.kambaa.govt_environment.PagesTest.PublicationPageTest@6ea6d14e]" name="verifyreportslink" duration-ms="5" started-at="2019-08-07T18:13:33Z" finished-at="2019-08-07T18:13:33Z">
          <reporter-output>
          </reporter-output>
        </test-method> <!-- verifyreportslink -->
        <test-method status="PASS" signature="teardown()[pri:0, instance:com.kambaa.govt_environment.PagesTest.PublicationPageTest@6ea6d14e]" name="teardown" is-config="true" duration-ms="1828" started-at="2019-08-07T18:13:33Z" finished-at="2019-08-07T18:13:35Z">
          <reporter-output>
          </reporter-output>
        </test-method> <!-- teardown -->
      </class> <!-- com.kambaa.govt_environment.PagesTest.PublicationPageTest -->
    </test> <!-- Default test -->
  </suite> <!-- Default suite -->
</testng-results>
